TN:
SF:/home/ppbar/projects/infraveritas-energy/contracts/echidna/V3Properties.sol
DA:1,0
DA:11,258
DA:15,1
DA:19,1
DA:25,49
DA:36,116
DA:42,1
DA:50,536
DA:51,0
DA:54,3
DA:61,8
DA:68,21
DA:69,0
DA:71,2
DA:93,857
DA:100,1
DA:101,1
DA:127,355
DA:128,8
DA:136,43
DA:137,26
DA:138,26
DA:141,24
DA:142,30
DA:144,3
DA:149,28
DA:155,64
DA:156,66
DA:159,11
DA:160,30
DA:164,30
DA:179,13
DA:181,5
DA:184,45
DA:185,17
DA:186,2
DA:187,2
DA:189,28
DA:202,4
DA:203,1
DA:205,47
DA:209,2
DA:214,2
DA:220,19
DA:241,11
DA:242,5
DA:244,31
DA:257,4
DA:258,1
DA:260,45
DA:263,3
DA:270,38
DA:271,23
DA:276,36
DA:277,24
DA:288,0
DA:293,0
DA:298,0
DA:303,0
DA:308,0
DA:318,3
DA:319,1
DA:320,6
DA:323,0
DA:325,2
DA:331,1
DA:332,20
DA:334,7
end_of_record

SF:/home/ppbar/projects/infraveritas-energy/contracts/lib/openzeppelin-contracts/contracts/access/IAccessControl.sol
DA:97,8
DA:99,55
end_of_record

SF:/home/ppbar/projects/infraveritas-energy/contracts/lib/openzeppelin-contracts/contracts/interfaces/draft-IERC1822.sol
DA:21,85
end_of_record

SF:/home/ppbar/projects/infraveritas-energy/contracts/lib/openzeppelin-contracts/contracts/proxy/ERC1967/ERC1967Proxy.sol
DA:27,4
DA:41,0
end_of_record

SF:/home/ppbar/projects/infraveritas-energy/contracts/lib/openzeppelin-contracts/contracts/proxy/ERC1967/ERC1967Utils.sol
DA:28,13
end_of_record

SF:/home/ppbar/projects/infraveritas-energy/contracts/lib/openzeppelin-contracts/contracts/proxy/Proxy.sol
DA:56,9
DA:70,19
end_of_record

SF:/home/ppbar/projects/infraveritas-energy/contracts/lib/openzeppelin-contracts/contracts/proxy/beacon/IBeacon.sol
DA:17,10
end_of_record

SF:/home/ppbar/projects/infraveritas-energy/contracts/lib/openzeppelin-contracts/contracts/utils/Address.sol
DA:34,0
end_of_record

SF:/home/ppbar/projects/infraveritas-energy/contracts/lib/openzeppelin-contracts/contracts/utils/StorageSlot.sol
end_of_record

SF:/home/ppbar/projects/infraveritas-energy/contracts/lib/openzeppelin-contracts/contracts/utils/introspection/IERC165.sol
end_of_record

SF:/home/ppbar/projects/infraveritas-energy/contracts/lib/openzeppelin-contracts-upgradeable/contracts/access/AccessControlUpgradeable.sol
DA:14,152
end_of_record

SF:/home/ppbar/projects/infraveritas-energy/contracts/lib/openzeppelin-contracts-upgradeable/contracts/proxy/utils/Initializable.sol
DA:9,0
DA:33,11
DA:49,5
DA:51,0
DA:71,2
DA:73,4
DA:163,0
DA:165,0
end_of_record

SF:/home/ppbar/projects/infraveritas-energy/contracts/lib/openzeppelin-contracts-upgradeable/contracts/proxy/utils/UUPSUpgradeable.sol
DA:20,18
end_of_record

SF:/home/ppbar/projects/infraveritas-energy/contracts/lib/openzeppelin-contracts-upgradeable/contracts/utils/ContextUpgradeable.sol
end_of_record

SF:/home/ppbar/projects/infraveritas-energy/contracts/lib/openzeppelin-contracts-upgradeable/contracts/utils/PausableUpgradeable.sol
DA:6,0
DA:141,35
end_of_record

SF:/home/ppbar/projects/infraveritas-energy/contracts/lib/openzeppelin-contracts-upgradeable/contracts/utils/ReentrancyGuardUpgradeable.sol
DA:26,0
end_of_record

SF:/home/ppbar/projects/infraveritas-energy/contracts/lib/openzeppelin-contracts-upgradeable/contracts/utils/introspection/ERC165Upgradeable.sol
end_of_record

SF:/home/ppbar/projects/infraveritas-energy/contracts/src/EnergyProofRegistryV3.sol
DA:34,964
DA:45,2
DA:46,1
DA:47,2
DA:49,1
DA:50,1
DA:52,0
DA:53,236
DA:54,102
DA:62,0
DA:63,0
DA:129,3
DA:130,4
DA:131,4
DA:132,4
DA:139,6
DA:140,5
DA:144,2
DA:173,4
DA:174,0
DA:176,5
DA:177,0
DA:182,15
DA:183,0
DA:187,6
DA:188,0
DA:192,2
DA:193,28
DA:195,3
DA:196,6
DA:200,4
DA:201,3
DA:202,1
DA:203,1
DA:204,7
DA:206,15
DA:207,9
DA:209,4
DA:210,2
DA:217,38
DA:218,0
DA:229,12
DA:235,38
DA:236,0
DA:241,51
DA:242,0
DA:248,4
DA:252,2
DA:255,4
DA:271,4
DA:272,4
DA:273,4
DA:275,1
DA:276,1
DA:277,1
DA:278,3
DA:280,2
DA:304,0
DA:306,0
DA:308,0
DA:315,0
DA:316,0
DA:317,0
DA:319,0
DA:326,0
DA:327,0
DA:328,0
DA:330,0
end_of_record

SF:/home/ppbar/projects/infraveritas-energy/contracts/src/interfaces/IDeviceRegistry.sol
end_of_record

SF:/home/ppbar/projects/infraveritas-energy/contracts/src/interfaces/IHonkVerifier.sol
end_of_record

SF:/home/ppbar/projects/infraveritas-energy/contracts/src/interfaces/IP256Verifier.sol
end_of_record

