TN:
SF:/home/ppbar/projects/infraveritas-energy/contracts/echidna/V3Properties.sol
DA:1,0
DA:11,192
DA:15,1
DA:19,0
DA:25,14
DA:36,14
DA:42,0
DA:50,66
DA:51,0
DA:54,3
DA:61,0
DA:68,0
DA:69,0
DA:71,0
DA:93,307
DA:100,0
DA:101,0
DA:127,14
DA:128,0
DA:136,43
DA:137,26
DA:138,26
DA:141,24
DA:142,30
DA:144,3
DA:149,28
DA:155,64
DA:156,66
DA:159,11
DA:160,30
DA:164,30
DA:179,0
DA:181,0
DA:184,0
DA:185,0
DA:186,0
DA:187,0
DA:189,0
DA:202,0
DA:203,0
DA:205,0
DA:209,0
DA:214,0
DA:220,0
DA:241,0
DA:242,0
DA:244,0
DA:257,0
DA:258,0
DA:260,0
DA:263,0
DA:270,0
DA:271,0
DA:276,0
DA:277,0
DA:288,0
DA:293,0
DA:298,0
DA:303,0
DA:308,0
DA:318,0
DA:319,0
DA:320,0
DA:323,0
DA:325,0
DA:331,0
DA:332,8
DA:334,3
end_of_record

SF:/home/ppbar/projects/infraveritas-energy/contracts/lib/openzeppelin-contracts/contracts/access/IAccessControl.sol
DA:97,4
DA:99,38
end_of_record

SF:/home/ppbar/projects/infraveritas-energy/contracts/lib/openzeppelin-contracts/contracts/interfaces/draft-IERC1822.sol
DA:21,85
end_of_record

SF:/home/ppbar/projects/infraveritas-energy/contracts/lib/openzeppelin-contracts/contracts/proxy/ERC1967/ERC1967Proxy.sol
DA:27,4
DA:41,0
end_of_record

SF:/home/ppbar/projects/infraveritas-energy/contracts/lib/openzeppelin-contracts/contracts/proxy/ERC1967/ERC1967Utils.sol
DA:28,7
end_of_record

SF:/home/ppbar/projects/infraveritas-energy/contracts/lib/openzeppelin-contracts/contracts/proxy/Proxy.sol
DA:56,0
DA:70,0
end_of_record

SF:/home/ppbar/projects/infraveritas-energy/contracts/lib/openzeppelin-contracts/contracts/proxy/beacon/IBeacon.sol
DA:17,1
end_of_record

SF:/home/ppbar/projects/infraveritas-energy/contracts/lib/openzeppelin-contracts/contracts/utils/Address.sol
DA:34,0
end_of_record

SF:/home/ppbar/projects/infraveritas-energy/contracts/lib/openzeppelin-contracts/contracts/utils/StorageSlot.sol
end_of_record

SF:/home/ppbar/projects/infraveritas-energy/contracts/lib/openzeppelin-contracts/contracts/utils/introspection/IERC165.sol
end_of_record

SF:/home/ppbar/projects/infraveritas-energy/contracts/lib/openzeppelin-contracts-upgradeable/contracts/access/AccessControlUpgradeable.sol
DA:14,152
end_of_record

SF:/home/ppbar/projects/infraveritas-energy/contracts/lib/openzeppelin-contracts-upgradeable/contracts/proxy/utils/Initializable.sol
DA:9,0
DA:33,11
DA:49,5
DA:51,0
DA:71,2
DA:73,4
DA:163,0
DA:165,0
end_of_record

SF:/home/ppbar/projects/infraveritas-energy/contracts/lib/openzeppelin-contracts-upgradeable/contracts/proxy/utils/UUPSUpgradeable.sol
DA:20,15
end_of_record

SF:/home/ppbar/projects/infraveritas-energy/contracts/lib/openzeppelin-contracts-upgradeable/contracts/utils/ContextUpgradeable.sol
end_of_record

SF:/home/ppbar/projects/infraveritas-energy/contracts/lib/openzeppelin-contracts-upgradeable/contracts/utils/PausableUpgradeable.sol
DA:6,0
DA:141,35
end_of_record

SF:/home/ppbar/projects/infraveritas-energy/contracts/lib/openzeppelin-contracts-upgradeable/contracts/utils/ReentrancyGuardUpgradeable.sol
DA:26,0
end_of_record

SF:/home/ppbar/projects/infraveritas-energy/contracts/lib/openzeppelin-contracts-upgradeable/contracts/utils/introspection/ERC165Upgradeable.sol
end_of_record

SF:/home/ppbar/projects/infraveritas-energy/contracts/src/EnergyProofRegistryV3.sol
DA:34,513
DA:45,1
DA:46,1
DA:47,2
DA:49,0
DA:50,0
DA:52,0
DA:53,28
DA:54,0
DA:62,0
DA:63,0
DA:129,3
DA:130,4
DA:131,4
DA:132,4
DA:139,6
DA:140,5
DA:144,2
DA:173,0
DA:174,0
DA:176,0
DA:177,0
DA:182,0
DA:183,0
DA:187,0
DA:188,0
DA:192,0
DA:193,0
DA:195,0
DA:196,0
DA:200,0
DA:201,0
DA:202,0
DA:203,0
DA:204,0
DA:206,0
DA:207,0
DA:209,0
DA:210,0
DA:217,0
DA:218,0
DA:229,0
DA:235,0
DA:236,0
DA:241,0
DA:242,0
DA:248,0
DA:252,0
DA:255,0
DA:271,0
DA:272,0
DA:273,0
DA:275,0
DA:276,0
DA:277,0
DA:278,0
DA:280,0
DA:304,0
DA:306,0
DA:308,0
DA:315,0
DA:316,0
DA:317,0
DA:319,0
DA:326,0
DA:327,0
DA:328,0
DA:330,0
end_of_record

SF:/home/ppbar/projects/infraveritas-energy/contracts/src/interfaces/IDeviceRegistry.sol
end_of_record

SF:/home/ppbar/projects/infraveritas-energy/contracts/src/interfaces/IHonkVerifier.sol
end_of_record

SF:/home/ppbar/projects/infraveritas-energy/contracts/src/interfaces/IP256Verifier.sol
end_of_record

